<?xml version="1.0" encoding="UTF-8"?>
<!-- Generated by org.testng.reporters.JUnitReportReporter -->
<testsuite hostname="LAPTOP-Q7HOVIES" failures="0" tests="1" name="testCases.LoginTestCase" time="0.776" errors="0" timestamp="2025-05-31T20:19:43 IST" skipped="0">
  <testcase classname="testCases.LoginTestCase" name="logintestcases" time="0.776"/>
</testsuite> <!-- testCases.LoginTestCase -->
